                        .module main.c
                        .area text(rom, con, rel)
 0000                   .dbfile ./main.c
 0000                   .dbfile Z:\TMP\Modulio\Proj\V8\PSoC1\MODU~4E8\MODU~4E8\main.c
 0000                   .dbfunc e pr2dec _pr2dec fV
 0000           ;            dat -> X-6
 0000           ;              s -> X-5
 0000           _pr2dec::
 0000                   .dbline -1
 0000 10                push X
 0001 4F                mov X,SP
 0002                   .dbline 17
 0002           ; //----------------------------------------
 0002           ; //--- LPS25H Test Program
 0002           ; //----------------------------------------
 0002           ; //
 0002           ; #include <stdio.h>
 0002           ; #define       EXTERN
 0002           ; #include "Modulio.h"
 0002           ; #include "ACM1602.h"
 0002           ; #include "LPS25H.h"
 0002           ; #undef EXTERN
 0002           ; 
 0002           ; ACM1602       lcd;
 0002           ; LPS25H        psense;
 0002           ; char  s[16];
 0002           ; 
 0002           ; void pr2dec(char *s, UINT8 dat)
 0002           ; {
 0002                   .dbline 18
 0002           ;       *s++ = (dat/10) + '0';
 0002 52FC              mov A,[X-4]
 0004 5300              mov [__r1],A
 0006 52FB              mov A,[X-5]
 0008 5300              mov [__r0],A
 000A 5100              mov A,[__r1]
 000C 0101              add A,1
 000E 54FC              mov [X-4],A
 0010 5100              mov A,[__r0]
 0012 0900              adc A,0
 0014 54FB              mov [X-5],A
 0016 500A              mov A,10
 0018 08                push A
 0019 52FA              mov A,[X-6]
 001B 08                push A
 001C 7C0000            xcall __divmodu_8X8_8
 001F 18                pop A
 0020 5300              mov [__r2],A
 0022 38FF              add SP,-1
 0024 060030            add [__r2],48
 0027 5100              mov A,[__r2]
 0029 3F00              mvi [__r1],A
 002B                   .dbline 19
 002B           ;       *s++ = (dat%10) + '0';
 002B 52FC              mov A,[X-4]
 002D 5300              mov [__r1],A
 002F 52FB              mov A,[X-5]
 0031 5300              mov [__r0],A
 0033 5100              mov A,[__r1]
 0035 0101              add A,1
 0037 54FC              mov [X-4],A
 0039 5100              mov A,[__r0]
 003B 0900              adc A,0
 003D 54FB              mov [X-5],A
 003F 500A              mov A,10
 0041 08                push A
 0042 52FA              mov A,[X-6]
 0044 08                push A
 0045 7C0000            xcall __divmodu_8X8_8
 0048 38FF              add SP,-1
 004A 18                pop A
 004B 0130              add A,48
 004D 3F00              mvi [__r1],A
 004F                   .dbline 20
 004F           ;       *s = 0x00;
 004F 52FC              mov A,[X-4]
 0051 5300              mov [__r1],A
 0053 5000              mov A,0
 0055 3F00              mvi [__r1],A
 0057                   .dbline -2
 0057           L1:
 0057 20                pop X
 0058                   .dbline 0 ; func end
 0058 7F                ret
 0059                   .dbsym l dat -6 c
 0059                   .dbsym l s -5 pc
 0059                   .dbend
 0059                   .dbfunc e pr4dec _pr4dec fV
 0059           ;            dat -> X-7
 0059           ;              s -> X-5
 0059           _pr4dec::
 0059                   .dbline -1
 0059 10                push X
 005A 4F                mov X,SP
 005B                   .dbline 24
 005B           ; }
 005B           ; 
 005B           ; void pr4dec(char *s, UINT16 dat)
 005B           ; {
 005B                   .dbline 25
 005B           ;       pr2dec(s, dat/100);
 005B 5000              mov A,0
 005D 08                push A
 005E 5064              mov A,100
 0060 08                push A
 0061 52F9              mov A,[X-7]
 0063 08                push A
 0064 52FA              mov A,[X-6]
 0066 08                push A
 0067 7C0000            xcall __divmodu_16X16_16
 006A 18                pop A
 006B 5300              mov [__r1],A
 006D 18                pop A
 006E 38FE              add SP,-2
 0070 5100              mov A,[__r1]
 0072 08                push A
 0073 52FB              mov A,[X-5]
 0075 08                push A
 0076 52FC              mov A,[X-4]
 0078 08                push A
 0079 9F85              xcall _pr2dec
 007B 38FD              add SP,-3
 007D                   .dbline 26
 007D           ;       pr2dec(s+2, dat%100);
 007D 5000              mov A,0
 007F 08                push A
 0080 5064              mov A,100
 0082 08                push A
 0083 52F9              mov A,[X-7]
 0085 08                push A
 0086 52FA              mov A,[X-6]
 0088 08                push A
 0089 7C0000            xcall __divmodu_16X16_16
 008C 38FE              add SP,-2
 008E 18                pop A
 008F 5300              mov [__r1],A
 0091 18                pop A
 0092 5100              mov A,[__r1]
 0094 08                push A
 0095 52FC              mov A,[X-4]
 0097 0102              add A,2
 0099 5300              mov [__r1],A
 009B 52FB              mov A,[X-5]
 009D 0900              adc A,0
 009F 08                push A
 00A0 5100              mov A,[__r1]
 00A2 08                push A
 00A3 9F5B              xcall _pr2dec
 00A5 38FD              add SP,-3
 00A7                   .dbline 27
 00A7           ;       *(s+4) = 0x00;
 00A7 52FC              mov A,[X-4]
 00A9 0104              add A,4
 00AB 5300              mov [__r1],A
 00AD 5000              mov A,0
 00AF 3F00              mvi [__r1],A
 00B1                   .dbline -2
 00B1           L2:
 00B1 20                pop X
 00B2                   .dbline 0 ; func end
 00B2 7F                ret
 00B3                   .dbsym l dat -7 s
 00B3                   .dbsym l s -5 pc
 00B3                   .dbend
 00B3                   .dbfunc e main _main fI
 00B3           _main::
 00B3                   .dbline -1
 00B3                   .dbline 31
 00B3           ; }
 00B3           ; 
 00B3           ; int main(void)
 00B3           ; {
 00B3                   .dbline 32
 00B3           ;       MI2C_Start();
 00B3 7C0000            xcall _MI2C_Start
 00B6                   .dbline 33
 00B6           ;       ACM1602_Setup(&lcd, BSW_ADRS_DEFAULT, 0, ACM1602_ADRS0, 0);
 00B6 5000              mov A,0
 00B8 08                push A
 00B9 5050              mov A,80
 00BB 08                push A
 00BC 5000              mov A,0
 00BE 08                push A
 00BF 5074              mov A,116
 00C1 08                push A
 00C2 5030              mov A,>_lcd
 00C4 08                push A
 00C5 5030              mov A,<_lcd
 00C7 08                push A
 00C8 7C0000            xcall _ACM1602_Setup
 00CB                   .dbline 34
 00CB           ;       LPS25H_Setup(&psense, BSW_ADRS_DEFAULT, 1, LPS25H_ADRS0, 0);
 00CB 5000              mov A,0
 00CD 08                push A
 00CE 505C              mov A,92
 00D0 08                push A
 00D1 5001              mov A,1
 00D3 08                push A
 00D4 5074              mov A,116
 00D6 08                push A
 00D7 5010              mov A,>_psense
 00D9 08                push A
 00DA 5010              mov A,<_psense
 00DC 08                push A
 00DD 7C0000            xcall _LPS25H_Setup
 00E0 38F4              add SP,-12
 00E2                   .dbline 35
 00E2           ;       lcd.Start(&lcd);
 00E2 10                push X
 00E3 5030              mov A,>_lcd
 00E5 08                push A
 00E6 5030              mov A,<_lcd
 00E8 08                push A
 00E9 5F0040            mov [__r1],[_lcd+15+1]
 00EC 5F003F            mov [__r0],[_lcd+15]
 00EF 5800              mov X,[__r1]
 00F1 5100              mov A,[__r0]
 00F3 7C0000            xcall __plcall
 00F6 38FE              add SP,-2
 00F8                   .dbline 36
 00F8           ;       lcd.Position(&lcd, 0, 0);
 00F8 5000              mov A,0
 00FA 08                push A
 00FB 08                push A
 00FC 5030              mov A,>_lcd
 00FE 08                push A
 00FF 5030              mov A,<_lcd
 0101 08                push A
 0102 5F0042            mov [__r1],[_lcd+17+1]
 0105 5F0041            mov [__r0],[_lcd+17]
 0108 5800              mov X,[__r1]
 010A 5100              mov A,[__r0]
 010C 7C0000            xcall __plcall
 010F 38FC              add SP,-4
 0111                   .dbline 37
 0111           ;       psense.Start(&psense);
 0111 5010              mov A,>_psense
 0113 08                push A
 0114 5010              mov A,<_psense
 0116 08                push A
 0117 5F0025            mov [__r1],[_psense+20+1]
 011A 5F0024            mov [__r0],[_psense+20]
 011D 5800              mov X,[__r1]
 011F 5100              mov A,[__r0]
 0121 7C0000            xcall __plcall
 0124 38FE              add SP,-2
 0126 20                pop X
 0127 81B4              xjmp L8
 0129           L7:
 0129                   .dbline 38
 0129           ;       while(1) {
 0129                   .dbline 39
 0129           ;               psense.ReadPress(&psense);
 0129 10                push X
 012A 5010              mov A,>_psense
 012C 08                push A
 012D 5010              mov A,<_psense
 012F 08                push A
 0130 5F0027            mov [__r1],[_psense+22+1]
 0133 5F0026            mov [__r0],[_psense+22]
 0136 5800              mov X,[__r1]
 0138 5100              mov A,[__r0]
 013A 7C0000            xcall __plcall
 013D 38FE              add SP,-2
 013F                   .dbline 40
 013F           ;               psense.wConvPress(&psense);
 013F 5010              mov A,>_psense
 0141 08                push A
 0142 5010              mov A,<_psense
 0144 08                push A
 0145 5F0029            mov [__r1],[_psense+24+1]
 0148 5F0028            mov [__r0],[_psense+24]
 014B 5800              mov X,[__r1]
 014D 5100              mov A,[__r0]
 014F 7C0000            xcall __plcall
 0152 38FE              add SP,-2
 0154                   .dbline 41
 0154           ;               lcd.Position(&lcd, 0, 0);
 0154 5000              mov A,0
 0156 08                push A
 0157 08                push A
 0158 5030              mov A,>_lcd
 015A 08                push A
 015B 5030              mov A,<_lcd
 015D 08                push A
 015E 5F0042            mov [__r1],[_lcd+17+1]
 0161 5F0041            mov [__r0],[_lcd+17]
 0164 5800              mov X,[__r1]
 0166 5100              mov A,[__r0]
 0168 7C0000            xcall __plcall
 016B 38FC              add SP,-4
 016D 20                pop X
 016E                   .dbline 44
 016E           ; //            sprintf(s," %04d.%02dhPa", (psense.PRESS[0] << 8)|(psense.PRESS[1]), psense.PRESS[2]);
 016E           ; //            lcd.PrString(&lcd, s);
 016E           ;               pr4dec(s, (psense.PRESS[0] << 8)|(psense.PRESS[1]));
 016E 5F001F            mov [__r1],[_psense+14+1]
 0171 511E              mov A,[_psense+14]
 0173 08                push A
 0174 5100              mov A,[__r1]
 0176 08                push A
 0177 5000              mov A,>_s
 0179 08                push A
 017A 5000              mov A,<_s
 017C 08                push A
 017D 9EDA              xcall _pr4dec
 017F 38FC              add SP,-4
 0181                   .dbline 45
 0181           ;               lcd.PrString(&lcd, s);
 0181 10                push X
 0182 5000              mov A,>_s
 0184 08                push A
 0185 5000              mov A,<_s
 0187 08                push A
 0188 5030              mov A,>_lcd
 018A 08                push A
 018B 5030              mov A,<_lcd
 018D 08                push A
 018E 5F004C            mov [__r1],[_lcd+27+1]
 0191 5F004B            mov [__r0],[_lcd+27]
 0194 5800              mov X,[__r1]
 0196 5100              mov A,[__r0]
 0198 7C0000            xcall __plcall
 019B 38FC              add SP,-4
 019D                   .dbline 46
 019D           ;               lcd.WriteData(&lcd, '.');
 019D 502E              mov A,46
 019F 08                push A
 01A0 5030              mov A,>_lcd
 01A2 08                push A
 01A3 5030              mov A,<_lcd
 01A5 08                push A
 01A6 5F0046            mov [__r1],[_lcd+21+1]
 01A9 5F0045            mov [__r0],[_lcd+21]
 01AC 5800              mov X,[__r1]
 01AE 5100              mov A,[__r0]
 01B0 7C0000            xcall __plcall
 01B3 38FD              add SP,-3
 01B5 20                pop X
 01B6                   .dbline 47
 01B6           ;               pr2dec(s, psense.PRESS[2]);
 01B6 5120              mov A,[_psense+14+2]
 01B8 08                push A
 01B9 5000              mov A,>_s
 01BB 08                push A
 01BC 5000              mov A,<_s
 01BE 08                push A
 01BF 9E3F              xcall _pr2dec
 01C1 38FD              add SP,-3
 01C3                   .dbline 48
 01C3           ;               lcd.PrString(&lcd, s);
 01C3 10                push X
 01C4 5000              mov A,>_s
 01C6 08                push A
 01C7 5000              mov A,<_s
 01C9 08                push A
 01CA 5030              mov A,>_lcd
 01CC 08                push A
 01CD 5030              mov A,<_lcd
 01CF 08                push A
 01D0 5F004C            mov [__r1],[_lcd+27+1]
 01D3 5F004B            mov [__r0],[_lcd+27]
 01D6 5800              mov X,[__r1]
 01D8 5100              mov A,[__r0]
 01DA 7C0000            xcall __plcall
 01DD 38FC              add SP,-4
 01DF                   .dbline 49
 01DF           ;               lcd.PrCString(&lcd, "hPa");
 01DF 5000              mov A,>L22
 01E1 08                push A
 01E2 5000              mov A,<L22
 01E4 08                push A
 01E5 5030              mov A,>_lcd
 01E7 08                push A
 01E8 5030              mov A,<_lcd
 01EA 08                push A
 01EB 5F004E            mov [__r1],[_lcd+29+1]
 01EE 5F004D            mov [__r0],[_lcd+29]
 01F1 5800              mov X,[__r1]
 01F3 5100              mov A,[__r0]
 01F5 7C0000            xcall __plcall
 01F8 38FC              add SP,-4
 01FA                   .dbline 51
 01FA           ; 
 01FA           ;               psense.ReadTemp(&psense);
 01FA 5010              mov A,>_psense
 01FC 08                push A
 01FD 5010              mov A,<_psense
 01FF 08                push A
 0200 5F002B            mov [__r1],[_psense+26+1]
 0203 5F002A            mov [__r0],[_psense+26]
 0206 5800              mov X,[__r1]
 0208 5100              mov A,[__r0]
 020A 7C0000            xcall __plcall
 020D 38FE              add SP,-2
 020F                   .dbline 52
 020F           ;               psense.wConvTemp(&psense);
 020F 5010              mov A,>_psense
 0211 08                push A
 0212 5010              mov A,<_psense
 0214 08                push A
 0215 5F002D            mov [__r1],[_psense+28+1]
 0218 5F002C            mov [__r0],[_psense+28]
 021B 5800              mov X,[__r1]
 021D 5100              mov A,[__r0]
 021F 7C0000            xcall __plcall
 0222 38FE              add SP,-2
 0224                   .dbline 53
 0224           ;               lcd.Position(&lcd, 1, 0);
 0224 5000              mov A,0
 0226 08                push A
 0227 5001              mov A,1
 0229 08                push A
 022A 5030              mov A,>_lcd
 022C 08                push A
 022D 5030              mov A,<_lcd
 022F 08                push A
 0230 5F0042            mov [__r1],[_lcd+17+1]
 0233 5F0041            mov [__r0],[_lcd+17]
 0236 5800              mov X,[__r1]
 0238 5100              mov A,[__r0]
 023A 7C0000            xcall __plcall
 023D 38FC              add SP,-4
 023F 20                pop X
 0240                   .dbline 56
 0240           ; //            sprintf(s," %02d.%02d%cC", psense.TEMP[0], psense.TEMP[1], 0xdf);
 0240           ; //            lcd.PrString(&lcd, s);
 0240           ;               pr2dec(s, psense.TEMP[0]);
 0240 5121              mov A,[_psense+17]
 0242 08                push A
 0243 5000              mov A,>_s
 0245 08                push A
 0246 5000              mov A,<_s
 0248 08                push A
 0249 9DB5              xcall _pr2dec
 024B 38FD              add SP,-3
 024D                   .dbline 57
 024D           ;               lcd.PrString(&lcd, s);
 024D 10                push X
 024E 5000              mov A,>_s
 0250 08                push A
 0251 5000              mov A,<_s
 0253 08                push A
 0254 5030              mov A,>_lcd
 0256 08                push A
 0257 5030              mov A,<_lcd
 0259 08                push A
 025A 5F004C            mov [__r1],[_lcd+27+1]
 025D 5F004B            mov [__r0],[_lcd+27]
 0260 5800              mov X,[__r1]
 0262 5100              mov A,[__r0]
 0264 7C0000            xcall __plcall
 0267 38FC              add SP,-4
 0269                   .dbline 58
 0269           ;               lcd.WriteData(&lcd, '.');
 0269 502E              mov A,46
 026B 08                push A
 026C 5030              mov A,>_lcd
 026E 08                push A
 026F 5030              mov A,<_lcd
 0271 08                push A
 0272 5F0046            mov [__r1],[_lcd+21+1]
 0275 5F0045            mov [__r0],[_lcd+21]
 0278 5800              mov X,[__r1]
 027A 5100              mov A,[__r0]
 027C 7C0000            xcall __plcall
 027F 38FD              add SP,-3
 0281 20                pop X
 0282                   .dbline 59
 0282           ;               pr2dec(s, psense.TEMP[1]);
 0282 5122              mov A,[_psense+17+1]
 0284 08                push A
 0285 5000              mov A,>_s
 0287 08                push A
 0288 5000              mov A,<_s
 028A 08                push A
 028B 9D73              xcall _pr2dec
 028D 38FD              add SP,-3
 028F                   .dbline 60
 028F           ;               lcd.PrString(&lcd, s);
 028F 10                push X
 0290 5000              mov A,>_s
 0292 08                push A
 0293 5000              mov A,<_s
 0295 08                push A
 0296 5030              mov A,>_lcd
 0298 08                push A
 0299 5030              mov A,<_lcd
 029B 08                push A
 029C 5F004C            mov [__r1],[_lcd+27+1]
 029F 5F004B            mov [__r0],[_lcd+27]
 02A2 5800              mov X,[__r1]
 02A4 5100              mov A,[__r0]
 02A6 7C0000            xcall __plcall
 02A9 38FC              add SP,-4
 02AB                   .dbline 61
 02AB           ;               lcd.WriteData(&lcd, 0xdf);
 02AB 50DF              mov A,-33
 02AD 08                push A
 02AE 5030              mov A,>_lcd
 02B0 08                push A
 02B1 5030              mov A,<_lcd
 02B3 08                push A
 02B4 5F0046            mov [__r1],[_lcd+21+1]
 02B7 5F0045            mov [__r0],[_lcd+21]
 02BA 5800              mov X,[__r1]
 02BC 5100              mov A,[__r0]
 02BE 7C0000            xcall __plcall
 02C1 38FD              add SP,-3
 02C3                   .dbline 62
 02C3           ;               lcd.WriteData(&lcd, 'C');
 02C3 5043              mov A,67
 02C5 08                push A
 02C6 5030              mov A,>_lcd
 02C8 08                push A
 02C9 5030              mov A,<_lcd
 02CB 08                push A
 02CC 5F0046            mov [__r1],[_lcd+21+1]
 02CF 5F0045            mov [__r0],[_lcd+21]
 02D2 5800              mov X,[__r1]
 02D4 5100              mov A,[__r0]
 02D6 7C0000            xcall __plcall
 02D9 38FD              add SP,-3
 02DB 20                pop X
 02DC                   .dbline 63
 02DC           ;       }
 02DC           L8:
 02DC                   .dbline 38
 02DC 8E4C              xjmp L7
 02DE           X0:
 02DE                   .dbline -2
 02DE           L3:
 02DE                   .dbline 0 ; func end
 02DE 8FFF              jmp .
 02E0                   .dbend
                        .area bss(ram, con, rel)
 0000                   .dbfile Z:\TMP\Modulio\Proj\V8\PSoC1\MODU~4E8\MODU~4E8\main.c
 0000           _s::
 0000                   .blkb 16
 0010                   .dbsym e s _s A[16:16]c
 0010           _psense::
 0010                   .blkb 32
 0030                   .dbstruct 0 12 MI2CADRS_STRUC
 0030                   .dbfield 0 BSW_ADRS c
 0030                   .dbfield 1 BSW_CH c
 0030                   .dbfield 2 DEV_ADRS c
 0030                   .dbfield 3 OPTION_1 c
 0030                   .dbfield 4 WriteBytes pfc
 0030                   .dbfield 6 WriteByte pfc
 0030                   .dbfield 8 ReadBytes pfc
 0030                   .dbfield 10 ReadByte pfc
 0030                   .dbend
 0030                   .dbstruct 0 32 LPS25H_STRUC
 0030                   .dbfield 0 madrs S[MI2CADRS_STRUC]
 0030                   .dbfield 12 ID c
 0030                   .dbfield 13 STS c
 0030                   .dbfield 14 PRESS A[3:3]c
 0030                   .dbfield 17 TEMP A[2:2]c
 0030                   .dbfield 19 STATUS c
 0030                   .dbfield 20 Start pfc
 0030                   .dbfield 22 ReadPress pfc
 0030                   .dbfield 24 wConvPress pfV
 0030                   .dbfield 26 ReadTemp pfc
 0030                   .dbfield 28 wConvTemp pfV
 0030                   .dbfield 30 ReadStatus pfc
 0030                   .dbend
 0030                   .dbsym e psense _psense S[LPS25H_STRUC]
 0030           _lcd::
 0030                   .blkb 31
 004F                   .dbstruct 0 31 ACM1602_STRUC
 004F                   .dbfield 0 madrs S[MI2CADRS_STRUC]
 004F                   .dbfield 12 Xpos c
 004F                   .dbfield 13 Ypos c
 004F                   .dbfield 14 DDRAM_Adrs c
 004F                   .dbfield 15 Start pfc
 004F                   .dbfield 17 Position pfV
 004F                   .dbfield 19 Clear pfc
 004F                   .dbfield 21 WriteData pfc
 004F                   .dbfield 23 PrHexByte pfc
 004F                   .dbfield 25 PrHexInt pfc
 004F                   .dbfield 27 PrString pfc
 004F                   .dbfield 29 PrCString pfc
 004F                   .dbend
 004F                   .dbsym e lcd _lcd S[ACM1602_STRUC]
                        .area lit(rom, con, rel, lit)
 0000           L22:
 0000 68506100          .byte 'h,'P,'a,0
