                        .module main.c
                        .area text(rom, con, rel)
 0000                   .dbfile ./main.c
 0000                   .dbfile Z:\TMP\Modulio\Proj\V8\PSoC1\MODU~C60\MODU~C60\main.c
 0000                   .dbfunc e pr2dec _pr2dec fV
 0000           ;            dat -> X-6
 0000           ;              s -> X-5
 0000           _pr2dec::
 0000                   .dbline -1
 0000 10                push X
 0001 4F                mov X,SP
 0002                   .dbline 17
 0002           ; //----------------------------------------
 0002           ; //--- LPS25H Test Program
 0002           ; //----------------------------------------
 0002           ; //
 0002           ; #include <stdio.h>
 0002           ; #define       EXTERN
 0002           ; #include "Modulio.h"
 0002           ; #include "ACM1602.h"
 0002           ; #include "ADXL345.h"
 0002           ; #undef EXTERN
 0002           ; 
 0002           ; ACM1602       lcd;
 0002           ; ADXL345       gsense;
 0002           ; char  s[16];
 0002           ; 
 0002           ; void pr2dec(char *s, UINT8 dat)
 0002           ; {
 0002                   .dbline 18
 0002           ;       *s++ = (dat/10) + '0';
 0002 52FC              mov A,[X-4]
 0004 5300              mov [__r1],A
 0006 52FB              mov A,[X-5]
 0008 5300              mov [__r0],A
 000A 5100              mov A,[__r1]
 000C 0101              add A,1
 000E 54FC              mov [X-4],A
 0010 5100              mov A,[__r0]
 0012 0900              adc A,0
 0014 54FB              mov [X-5],A
 0016 500A              mov A,10
 0018 08                push A
 0019 52FA              mov A,[X-6]
 001B 08                push A
 001C 7C0000            xcall __divmodu_8X8_8
 001F 18                pop A
 0020 5300              mov [__r2],A
 0022 38FF              add SP,-1
 0024 060030            add [__r2],48
 0027 5100              mov A,[__r2]
 0029 3F00              mvi [__r1],A
 002B                   .dbline 19
 002B           ;       *s++ = (dat%10) + '0';
 002B 52FC              mov A,[X-4]
 002D 5300              mov [__r1],A
 002F 52FB              mov A,[X-5]
 0031 5300              mov [__r0],A
 0033 5100              mov A,[__r1]
 0035 0101              add A,1
 0037 54FC              mov [X-4],A
 0039 5100              mov A,[__r0]
 003B 0900              adc A,0
 003D 54FB              mov [X-5],A
 003F 500A              mov A,10
 0041 08                push A
 0042 52FA              mov A,[X-6]
 0044 08                push A
 0045 7C0000            xcall __divmodu_8X8_8
 0048 38FF              add SP,-1
 004A 18                pop A
 004B 0130              add A,48
 004D 3F00              mvi [__r1],A
 004F                   .dbline 20
 004F           ;       *s = 0x00;
 004F 52FC              mov A,[X-4]
 0051 5300              mov [__r1],A
 0053 5000              mov A,0
 0055 3F00              mvi [__r1],A
 0057                   .dbline -2
 0057           L1:
 0057 20                pop X
 0058                   .dbline 0 ; func end
 0058 7F                ret
 0059                   .dbsym l dat -6 c
 0059                   .dbsym l s -5 pc
 0059                   .dbend
 0059                   .dbfunc e pr4dec _pr4dec fV
 0059           ;            dat -> X-7
 0059           ;              s -> X-5
 0059           _pr4dec::
 0059                   .dbline -1
 0059 10                push X
 005A 4F                mov X,SP
 005B                   .dbline 24
 005B           ; }
 005B           ; 
 005B           ; void pr4dec(char *s, UINT16 dat)
 005B           ; {
 005B                   .dbline 25
 005B           ;       pr2dec(s, dat/100);
 005B 5000              mov A,0
 005D 08                push A
 005E 5064              mov A,100
 0060 08                push A
 0061 52F9              mov A,[X-7]
 0063 08                push A
 0064 52FA              mov A,[X-6]
 0066 08                push A
 0067 7C0000            xcall __divmodu_16X16_16
 006A 18                pop A
 006B 5300              mov [__r1],A
 006D 18                pop A
 006E 38FE              add SP,-2
 0070 5100              mov A,[__r1]
 0072 08                push A
 0073 52FB              mov A,[X-5]
 0075 08                push A
 0076 52FC              mov A,[X-4]
 0078 08                push A
 0079 9F85              xcall _pr2dec
 007B 38FD              add SP,-3
 007D                   .dbline 26
 007D           ;       pr2dec(s+2, dat%100);
 007D 5000              mov A,0
 007F 08                push A
 0080 5064              mov A,100
 0082 08                push A
 0083 52F9              mov A,[X-7]
 0085 08                push A
 0086 52FA              mov A,[X-6]
 0088 08                push A
 0089 7C0000            xcall __divmodu_16X16_16
 008C 38FE              add SP,-2
 008E 18                pop A
 008F 5300              mov [__r1],A
 0091 18                pop A
 0092 5100              mov A,[__r1]
 0094 08                push A
 0095 52FC              mov A,[X-4]
 0097 0102              add A,2
 0099 5300              mov [__r1],A
 009B 52FB              mov A,[X-5]
 009D 0900              adc A,0
 009F 08                push A
 00A0 5100              mov A,[__r1]
 00A2 08                push A
 00A3 9F5B              xcall _pr2dec
 00A5 38FD              add SP,-3
 00A7                   .dbline 27
 00A7           ;       *(s+4) = 0x00;
 00A7 52FC              mov A,[X-4]
 00A9 0104              add A,4
 00AB 5300              mov [__r1],A
 00AD 5000              mov A,0
 00AF 3F00              mvi [__r1],A
 00B1                   .dbline -2
 00B1           L2:
 00B1 20                pop X
 00B2                   .dbline 0 ; func end
 00B2 7F                ret
 00B3                   .dbsym l dat -7 s
 00B3                   .dbsym l s -5 pc
 00B3                   .dbend
 00B3                   .dbfunc e main _main fI
 00B3           ;             fz -> X+8
 00B3           ;             fy -> X+7
 00B3           ;             fx -> X+6
 00B3           ;              z -> X+4
 00B3           ;              y -> X+2
 00B3           ;              x -> X+0
 00B3           _main::
 00B3                   .dbline -1
 00B3 10                push X
 00B4 4F                mov X,SP
 00B5 3809              add SP,9
 00B7                   .dbline 31
 00B7           ; }
 00B7           ; 
 00B7           ; int main(void)
 00B7           ; {
 00B7                   .dbline 34
 00B7           ;       UINT16 x,y,z;
 00B7           ;       UINT8 fx, fy, fz;
 00B7           ;       MI2C_Start();
 00B7 7C0000            xcall _MI2C_Start
 00BA                   .dbline 35
 00BA           ;       ACM1602_Setup(&lcd, BSW_ADRS_DEFAULT, 0, ACM1602_ADRS0, 0);
 00BA 5000              mov A,0
 00BC 08                push A
 00BD 5050              mov A,80
 00BF 08                push A
 00C0 5000              mov A,0
 00C2 08                push A
 00C3 5074              mov A,116
 00C5 08                push A
 00C6 5029              mov A,>_lcd
 00C8 08                push A
 00C9 5029              mov A,<_lcd
 00CB 08                push A
 00CC 7C0000            xcall _ACM1602_Setup
 00CF                   .dbline 36
 00CF           ;       ADXL345_Setup(&gsense, BSW_ADRS_DEFAULT, 1, ADXL345_ADRS0, 0);
 00CF 5000              mov A,0
 00D1 08                push A
 00D2 501D              mov A,29
 00D4 08                push A
 00D5 5001              mov A,1
 00D7 08                push A
 00D8 5074              mov A,116
 00DA 08                push A
 00DB 5010              mov A,>_gsense
 00DD 08                push A
 00DE 5010              mov A,<_gsense
 00E0 08                push A
 00E1 7C0000            xcall _ADXL345_Setup
 00E4 38F4              add SP,-12
 00E6                   .dbline 37
 00E6           ;       lcd.Start(&lcd);
 00E6 10                push X
 00E7 5029              mov A,>_lcd
 00E9 08                push A
 00EA 5029              mov A,<_lcd
 00EC 08                push A
 00ED 5F0039            mov [__r1],[_lcd+15+1]
 00F0 5F0038            mov [__r0],[_lcd+15]
 00F3 5800              mov X,[__r1]
 00F5 5100              mov A,[__r0]
 00F7 7C0000            xcall __plcall
 00FA 38FE              add SP,-2
 00FC                   .dbline 38
 00FC           ;       lcd.Position(&lcd, 0, 0);
 00FC 5000              mov A,0
 00FE 08                push A
 00FF 08                push A
 0100 5029              mov A,>_lcd
 0102 08                push A
 0103 5029              mov A,<_lcd
 0105 08                push A
 0106 5F003B            mov [__r1],[_lcd+17+1]
 0109 5F003A            mov [__r0],[_lcd+17]
 010C 5800              mov X,[__r1]
 010E 5100              mov A,[__r0]
 0110 7C0000            xcall __plcall
 0113 38FC              add SP,-4
 0115                   .dbline 39
 0115           ;       lcd.PrCString(&lcd, "X:");
 0115 500E              mov A,>L7
 0117 08                push A
 0118 500E              mov A,<L7
 011A 08                push A
 011B 5029              mov A,>_lcd
 011D 08                push A
 011E 5029              mov A,<_lcd
 0120 08                push A
 0121 5F0047            mov [__r1],[_lcd+29+1]
 0124 5F0046            mov [__r0],[_lcd+29]
 0127 5800              mov X,[__r1]
 0129 5100              mov A,[__r0]
 012B 7C0000            xcall __plcall
 012E 38FC              add SP,-4
 0130                   .dbline 40
 0130           ;       lcd.Position(&lcd, 0, 8);
 0130 5008              mov A,8
 0132 08                push A
 0133 5000              mov A,0
 0135 08                push A
 0136 5029              mov A,>_lcd
 0138 08                push A
 0139 5029              mov A,<_lcd
 013B 08                push A
 013C 5F003B            mov [__r1],[_lcd+17+1]
 013F 5F003A            mov [__r0],[_lcd+17]
 0142 5800              mov X,[__r1]
 0144 5100              mov A,[__r0]
 0146 7C0000            xcall __plcall
 0149 38FC              add SP,-4
 014B                   .dbline 41
 014B           ;       lcd.PrCString(&lcd, "Y:");
 014B 500B              mov A,>L10
 014D 08                push A
 014E 500B              mov A,<L10
 0150 08                push A
 0151 5029              mov A,>_lcd
 0153 08                push A
 0154 5029              mov A,<_lcd
 0156 08                push A
 0157 5F0047            mov [__r1],[_lcd+29+1]
 015A 5F0046            mov [__r0],[_lcd+29]
 015D 5800              mov X,[__r1]
 015F 5100              mov A,[__r0]
 0161 7C0000            xcall __plcall
 0164 38FC              add SP,-4
 0166                   .dbline 42
 0166           ;       lcd.Position(&lcd, 1, 0);
 0166 5000              mov A,0
 0168 08                push A
 0169 5001              mov A,1
 016B 08                push A
 016C 5029              mov A,>_lcd
 016E 08                push A
 016F 5029              mov A,<_lcd
 0171 08                push A
 0172 5F003B            mov [__r1],[_lcd+17+1]
 0175 5F003A            mov [__r0],[_lcd+17]
 0178 5800              mov X,[__r1]
 017A 5100              mov A,[__r0]
 017C 7C0000            xcall __plcall
 017F 38FC              add SP,-4
 0181                   .dbline 43
 0181           ;       lcd.PrCString(&lcd, "Z:");
 0181 5008              mov A,>L13
 0183 08                push A
 0184 5008              mov A,<L13
 0186 08                push A
 0187 5029              mov A,>_lcd
 0189 08                push A
 018A 5029              mov A,<_lcd
 018C 08                push A
 018D 5F0047            mov [__r1],[_lcd+29+1]
 0190 5F0046            mov [__r0],[_lcd+29]
 0193 5800              mov X,[__r1]
 0195 5100              mov A,[__r0]
 0197 7C0000            xcall __plcall
 019A 38FC              add SP,-4
 019C                   .dbline 44
 019C           ;       lcd.Position(&lcd, 1, 8);
 019C 5008              mov A,8
 019E 08                push A
 019F 5001              mov A,1
 01A1 08                push A
 01A2 5029              mov A,>_lcd
 01A4 08                push A
 01A5 5029              mov A,<_lcd
 01A7 08                push A
 01A8 5F003B            mov [__r1],[_lcd+17+1]
 01AB 5F003A            mov [__r0],[_lcd+17]
 01AE 5800              mov X,[__r1]
 01B0 5100              mov A,[__r0]
 01B2 7C0000            xcall __plcall
 01B5 38FC              add SP,-4
 01B7                   .dbline 45
 01B7           ;       lcd.PrCString(&lcd, "ADXL345");
 01B7 5000              mov A,>L16
 01B9 08                push A
 01BA 5000              mov A,<L16
 01BC 08                push A
 01BD 5029              mov A,>_lcd
 01BF 08                push A
 01C0 5029              mov A,<_lcd
 01C2 08                push A
 01C3 5F0047            mov [__r1],[_lcd+29+1]
 01C6 5F0046            mov [__r0],[_lcd+29]
 01C9 5800              mov X,[__r1]
 01CB 5100              mov A,[__r0]
 01CD 7C0000            xcall __plcall
 01D0 38FC              add SP,-4
 01D2                   .dbline 46
 01D2           ;       gsense.Start(&gsense);
 01D2 5010              mov A,>_gsense
 01D4 08                push A
 01D5 5010              mov A,<_gsense
 01D7 08                push A
 01D8 5F0024            mov [__r1],[_gsense+19+1]
 01DB 5F0023            mov [__r0],[_gsense+19]
 01DE 5800              mov X,[__r1]
 01E0 5100              mov A,[__r0]
 01E2 7C0000            xcall __plcall
 01E5 38FE              add SP,-2
 01E7 20                pop X
 01E8 8199              xjmp L19
 01EA           L18:
 01EA                   .dbline 47
 01EA           ;       while(1) {
 01EA                   .dbline 48
 01EA           ;               gsense.GetVal(&gsense);
 01EA 10                push X
 01EB 5010              mov A,>_gsense
 01ED 08                push A
 01EE 5010              mov A,<_gsense
 01F0 08                push A
 01F1 5F0028            mov [__r1],[_gsense+23+1]
 01F4 5F0027            mov [__r0],[_gsense+23]
 01F7 5800              mov X,[__r1]
 01F9 5100              mov A,[__r0]
 01FB 7C0000            xcall __plcall
 01FE 38FE              add SP,-2
 0200 20                pop X
 0201                   .dbline 49
 0201           ;               x = gsense.xdat;
 0201 511E              mov A,[_gsense+13+1]
 0203 5401              mov [X+1],A
 0205 511D              mov A,[_gsense+13]
 0207 5400              mov [X+0],A
 0209                   .dbline 50
 0209           ;               if (x & 0x200) {
 0209 550000            mov [__r1],0
 020C 5200              mov A,[X+0]
 020E 2102              and A,2
 0210 B006              jnz X1
 0212 3C0000            cmp [__r1],0
 0215 A012              jz L23
 0217           X1:
 0217                   .dbline 51
 0217           ;                       fx = '-';
 0217                   .dbline 51
 0217 56062D            mov [X+6],45
 021A                   .dbline 52
 021A           ;                       x = 0x400-x;
 021A 5000              mov A,0
 021C 1301              sub A,[X+1]
 021E 5401              mov [X+1],A
 0220 5004              mov A,4
 0222 1B00              sbb A,[X+0]
 0224 5400              mov [X+0],A
 0226                   .dbline 53
 0226           ;               } else  fx = '+';
 0226 8004              xjmp L24
 0228           L23:
 0228                   .dbline 53
 0228 56062B            mov [X+6],43
 022B           L24:
 022B                   .dbline 54
 022B           ;               y = gsense.ydat;
 022B 5120              mov A,[_gsense+15+1]
 022D 5403              mov [X+3],A
 022F 511F              mov A,[_gsense+15]
 0231 5402              mov [X+2],A
 0233                   .dbline 55
 0233           ;               if (y & 0x200) {
 0233 550000            mov [__r1],0
 0236 5202              mov A,[X+2]
 0238 2102              and A,2
 023A B006              jnz X2
 023C 3C0000            cmp [__r1],0
 023F A012              jz L26
 0241           X2:
 0241                   .dbline 56
 0241           ;                       fy = '-';
 0241                   .dbline 56
 0241 56072D            mov [X+7],45
 0244                   .dbline 57
 0244           ;                       y = 0x400-y;
 0244 5000              mov A,0
 0246 1303              sub A,[X+3]
 0248 5403              mov [X+3],A
 024A 5004              mov A,4
 024C 1B02              sbb A,[X+2]
 024E 5402              mov [X+2],A
 0250                   .dbline 58
 0250           ;               } else  fy = '+';
 0250 8004              xjmp L27
 0252           L26:
 0252                   .dbline 58
 0252 56072B            mov [X+7],43
 0255           L27:
 0255                   .dbline 59
 0255           ;               z = gsense.zdat;
 0255 5122              mov A,[_gsense+17+1]
 0257 5405              mov [X+5],A
 0259 5121              mov A,[_gsense+17]
 025B 5404              mov [X+4],A
 025D                   .dbline 60
 025D           ;               if (z & 0x200) {
 025D 550000            mov [__r1],0
 0260 5204              mov A,[X+4]
 0262 2102              and A,2
 0264 B006              jnz X3
 0266 3C0000            cmp [__r1],0
 0269 A012              jz L29
 026B           X3:
 026B                   .dbline 61
 026B           ;                       fz = '-';
 026B                   .dbline 61
 026B 56082D            mov [X+8],45
 026E                   .dbline 62
 026E           ;                       z = 0x400-z;
 026E 5000              mov A,0
 0270 1305              sub A,[X+5]
 0272 5405              mov [X+5],A
 0274 5004              mov A,4
 0276 1B04              sbb A,[X+4]
 0278 5404              mov [X+4],A
 027A                   .dbline 63
 027A           ;               } else  fz = '+';
 027A 8004              xjmp L30
 027C           L29:
 027C                   .dbline 63
 027C 56082B            mov [X+8],43
 027F           L30:
 027F                   .dbline 64
 027F           ;               lcd.Position(&lcd, 0, 2);
 027F 10                push X
 0280 5002              mov A,2
 0282 08                push A
 0283 5000              mov A,0
 0285 08                push A
 0286 5029              mov A,>_lcd
 0288 08                push A
 0289 5029              mov A,<_lcd
 028B 08                push A
 028C 5F003B            mov [__r1],[_lcd+17+1]
 028F 5F003A            mov [__r0],[_lcd+17]
 0292 5800              mov X,[__r1]
 0294 5100              mov A,[__r0]
 0296 7C0000            xcall __plcall
 0299 38FC              add SP,-4
 029B 20                pop X
 029C                   .dbline 65
 029C           ;               lcd.WriteData(&lcd, fx);
 029C 10                push X
 029D 5206              mov A,[X+6]
 029F 08                push A
 02A0 5029              mov A,>_lcd
 02A2 08                push A
 02A3 5029              mov A,<_lcd
 02A5 08                push A
 02A6 5F003F            mov [__r1],[_lcd+21+1]
 02A9 5F003E            mov [__r0],[_lcd+21]
 02AC 5800              mov X,[__r1]
 02AE 5100              mov A,[__r0]
 02B0 7C0000            xcall __plcall
 02B3 38FD              add SP,-3
 02B5 20                pop X
 02B6                   .dbline 66
 02B6           ;               lcd.PrHexInt(&lcd, x);
 02B6 10                push X
 02B7 5200              mov A,[X+0]
 02B9 08                push A
 02BA 5201              mov A,[X+1]
 02BC 08                push A
 02BD 5029              mov A,>_lcd
 02BF 08                push A
 02C0 5029              mov A,<_lcd
 02C2 08                push A
 02C3 5F0043            mov [__r1],[_lcd+25+1]
 02C6 5F0042            mov [__r0],[_lcd+25]
 02C9 5800              mov X,[__r1]
 02CB 5100              mov A,[__r0]
 02CD 7C0000            xcall __plcall
 02D0 38FC              add SP,-4
 02D2                   .dbline 67
 02D2           ;               lcd.Position(&lcd, 0, 10);
 02D2 500A              mov A,10
 02D4 08                push A
 02D5 5000              mov A,0
 02D7 08                push A
 02D8 5029              mov A,>_lcd
 02DA 08                push A
 02DB 5029              mov A,<_lcd
 02DD 08                push A
 02DE 5F003B            mov [__r1],[_lcd+17+1]
 02E1 5F003A            mov [__r0],[_lcd+17]
 02E4 5800              mov X,[__r1]
 02E6 5100              mov A,[__r0]
 02E8 7C0000            xcall __plcall
 02EB 38FC              add SP,-4
 02ED 20                pop X
 02EE                   .dbline 68
 02EE           ;               lcd.WriteData(&lcd, fy);
 02EE 10                push X
 02EF 5207              mov A,[X+7]
 02F1 08                push A
 02F2 5029              mov A,>_lcd
 02F4 08                push A
 02F5 5029              mov A,<_lcd
 02F7 08                push A
 02F8 5F003F            mov [__r1],[_lcd+21+1]
 02FB 5F003E            mov [__r0],[_lcd+21]
 02FE 5800              mov X,[__r1]
 0300 5100              mov A,[__r0]
 0302 7C0000            xcall __plcall
 0305 38FD              add SP,-3
 0307 20                pop X
 0308                   .dbline 69
 0308           ;               lcd.PrHexInt(&lcd, y);
 0308 10                push X
 0309 5202              mov A,[X+2]
 030B 08                push A
 030C 5203              mov A,[X+3]
 030E 08                push A
 030F 5029              mov A,>_lcd
 0311 08                push A
 0312 5029              mov A,<_lcd
 0314 08                push A
 0315 5F0043            mov [__r1],[_lcd+25+1]
 0318 5F0042            mov [__r0],[_lcd+25]
 031B 5800              mov X,[__r1]
 031D 5100              mov A,[__r0]
 031F 7C0000            xcall __plcall
 0322 38FC              add SP,-4
 0324                   .dbline 70
 0324           ;               lcd.Position(&lcd, 1, 2);
 0324 5002              mov A,2
 0326 08                push A
 0327 5001              mov A,1
 0329 08                push A
 032A 5029              mov A,>_lcd
 032C 08                push A
 032D 5029              mov A,<_lcd
 032F 08                push A
 0330 5F003B            mov [__r1],[_lcd+17+1]
 0333 5F003A            mov [__r0],[_lcd+17]
 0336 5800              mov X,[__r1]
 0338 5100              mov A,[__r0]
 033A 7C0000            xcall __plcall
 033D 38FC              add SP,-4
 033F 20                pop X
 0340                   .dbline 71
 0340           ;               lcd.WriteData(&lcd, fz);
 0340 10                push X
 0341 5208              mov A,[X+8]
 0343 08                push A
 0344 5029              mov A,>_lcd
 0346 08                push A
 0347 5029              mov A,<_lcd
 0349 08                push A
 034A 5F003F            mov [__r1],[_lcd+21+1]
 034D 5F003E            mov [__r0],[_lcd+21]
 0350 5800              mov X,[__r1]
 0352 5100              mov A,[__r0]
 0354 7C0000            xcall __plcall
 0357 38FD              add SP,-3
 0359 20                pop X
 035A                   .dbline 72
 035A           ;               lcd.PrHexInt(&lcd, z);
 035A 10                push X
 035B 5204              mov A,[X+4]
 035D 08                push A
 035E 5205              mov A,[X+5]
 0360 08                push A
 0361 5029              mov A,>_lcd
 0363 08                push A
 0364 5029              mov A,<_lcd
 0366 08                push A
 0367 5F0043            mov [__r1],[_lcd+25+1]
 036A 5F0042            mov [__r0],[_lcd+25]
 036D 5800              mov X,[__r1]
 036F 5100              mov A,[__r0]
 0371 7C0000            xcall __plcall
 0374 38FC              add SP,-4
 0376 20                pop X
 0377                   .dbline 73
 0377           ;               MI2C_Waitms(200);
 0377 5000              mov A,0
 0379 08                push A
 037A 50C8              mov A,-56
 037C 08                push A
 037D 7C0000            xcall _MI2C_Waitms
 0380 38FE              add SP,-2
 0382                   .dbline 74
 0382           ;       }
 0382           L19:
 0382                   .dbline 47
 0382 8E67              xjmp L18
 0384           X0:
 0384                   .dbline -2
 0384           L3:
 0384 38F7              add SP,-9
 0386 20                pop X
 0387                   .dbline 0 ; func end
 0387 8FFF              jmp .
 0389                   .dbsym l fz 8 c
 0389                   .dbsym l fy 7 c
 0389                   .dbsym l fx 6 c
 0389                   .dbsym l z 4 s
 0389                   .dbsym l y 2 s
 0389                   .dbsym l x 0 s
 0389                   .dbend
                        .area bss(ram, con, rel)
 0000                   .dbfile Z:\TMP\Modulio\Proj\V8\PSoC1\MODU~C60\MODU~C60\main.c
 0000           _s::
 0000                   .blkb 16
 0010                   .dbsym e s _s A[16:16]c
 0010           _gsense::
 0010                   .blkb 25
 0029                   .dbstruct 0 12 MI2CADRS_STRUC
 0029                   .dbfield 0 BSW_ADRS c
 0029                   .dbfield 1 BSW_CH c
 0029                   .dbfield 2 DEV_ADRS c
 0029                   .dbfield 3 OPTION_1 c
 0029                   .dbfield 4 WriteBytes pfc
 0029                   .dbfield 6 WriteByte pfc
 0029                   .dbfield 8 ReadBytes pfc
 0029                   .dbfield 10 ReadByte pfc
 0029                   .dbend
 0029                   .dbstruct 0 25 ADXL345_STRUC
 0029                   .dbfield 0 madrs S[MI2CADRS_STRUC]
 0029                   .dbfield 12 ID c
 0029                   .dbfield 13 xdat s
 0029                   .dbfield 15 ydat s
 0029                   .dbfield 17 zdat s
 0029                   .dbfield 19 Start pfc
 0029                   .dbfield 21 GetID pfc
 0029                   .dbfield 23 GetVal pfV
 0029                   .dbend
 0029                   .dbsym e gsense _gsense S[ADXL345_STRUC]
 0029           _lcd::
 0029                   .blkb 31
 0048                   .dbstruct 0 31 ACM1602_STRUC
 0048                   .dbfield 0 madrs S[MI2CADRS_STRUC]
 0048                   .dbfield 12 Xpos c
 0048                   .dbfield 13 Ypos c
 0048                   .dbfield 14 DDRAM_Adrs c
 0048                   .dbfield 15 Start pfc
 0048                   .dbfield 17 Position pfV
 0048                   .dbfield 19 Clear pfc
 0048                   .dbfield 21 WriteData pfc
 0048                   .dbfield 23 PrHexByte pfc
 0048                   .dbfield 25 PrHexInt pfc
 0048                   .dbfield 27 PrString pfc
 0048                   .dbfield 29 PrCString pfc
 0048                   .dbend
 0048                   .dbsym e lcd _lcd S[ACM1602_STRUC]
                        .area lit(rom, con, rel, lit)
 0000           L16:
 0000 4144584C33343500  .byte 'A,'D,'X,'L,51,52,53,0
 0008           L13:
 0008 5A3A00            .byte 'Z,58,0
 000B           L10:
 000B 593A00            .byte 'Y,58,0
 000E           L7:
 000E 583A00            .byte 'X,58,0
