 0000                   cpu LMM
                        .module adxl345.c
                        .area text(rom, con, rel)
 0000                   .dbfile ..\..\lib_modulio\adxl345.c
 0000                   .dbfile Z:\TMP\Modulio\Proj\V8\PSoC1\lib_modulio\adxl345.c
 0000                   .dbfunc s ADXL345_Start _ADXL345_Start fc
 0000                   .dbstruct 0 12 MI2CADRS_STRUC
 0000                   .dbfield 0 BSW_ADRS c
 0000                   .dbfield 1 BSW_CH c
 0000                   .dbfield 2 DEV_ADRS c
 0000                   .dbfield 3 OPTION_1 c
 0000                   .dbfield 4 WriteBytes pfc
 0000                   .dbfield 6 WriteByte pfc
 0000                   .dbfield 8 ReadBytes pfc
 0000                   .dbfield 10 ReadByte pfc
 0000                   .dbend
 0000                   .dbstruct 0 25 ADXL345_STRUC
 0000                   .dbfield 0 madrs S[MI2CADRS_STRUC]
 0000                   .dbfield 12 ID c
 0000                   .dbfield 13 xdat s
 0000                   .dbfield 15 ydat s
 0000                   .dbfield 17 zdat s
 0000                   .dbfield 19 Start pfc
 0000                   .dbfield 21 GetID pfc
 0000                   .dbfield 23 GetVal pfV
 0000                   .dbend
 0000           ;           stat -> X+0
 0000           ;              p -> X-5
 0000           _ADXL345_Start:
 0000                   .dbline -1
 0000 10                push X
 0001 4F                mov X,SP
 0002 3801              add SP,1
 0004                   .dbline 16
 0004           ; //---------------------------------------
 0004           ; //- ADXL345 3-Axis AccSensor          -
 0004           ; //- ３軸加速度センサ                  -
 0004           ; //---------------------------------------
 0004           ; //
 0004           ; #define       EXTERN
 0004           ; #include "Modulio.h"
 0004           ; #undef EXTERN
 0004           ; #include "ADXL345.h"
 0004           ; 
 0004           ; //---------------------------------------
 0004           ; //--- Init Device
 0004           ; //--- デバイス初期化
 0004           ; //---------------------------------------
 0004           ; static UINT8 ADXL345_Start(ADXL345 *p)
 0004           ; {
 0004                   .dbline 18
 0004           ;       UINT8 stat;
 0004           ;       stat = (p->madrs).WriteByte(&(p->madrs), 0x2d, 0x08); // Start Measurement
 0004 10                push X
 0005 5008              mov A,8
 0007 08                push A
 0008 5000              mov A,0
 000A 08                push A
 000B 502D              mov A,45
 000D 08                push A
 000E 52FB              mov A,[X-5]
 0010 08                push A
 0011 52FC              mov A,[X-4]
 0013 08                push A
 0014 62D000            mov REG[0xd0],>__r0
 0017 52FC              mov A,[X-4]
 0019 0106              add A,6
 001B 5300              mov [__r1],A
 001D 52FB              mov A,[X-5]
 001F 0900              adc A,0
 0021 60D4              mov REG[0xd4],A
 0023 3E00              mvi A,[__r1]
 0025 5300              mov [__r0],A
 0027 3E00              mvi A,[__r1]
 0029 5C                mov X,A
 002A 5100              mov A,[__r0]
 002C 7C0000            xcall __plcall
 002F 38FB              add SP,-5
 0031 62D000            mov REG[0xd0],>__r0
 0034 20                pop X
 0035 5400              mov [X+0],A
 0037                   .dbline 19
 0037           ;       return(stat);
 0037 5200              mov A,[X+0]
 0039                   .dbline -2
 0039           L1:
 0039 38FF              add SP,-1
 003B 20                pop X
 003C                   .dbline 0 ; func end
 003C 7F                ret
 003D                   .dbsym l stat 0 c
 003D                   .dbsym l p -5 pS[ADXL345_STRUC]
 003D                   .dbend
 003D                   .dbfunc s ADXL345_GetID _ADXL345_GetID fc
 003D           ;              p -> X-5
 003D           _ADXL345_GetID:
 003D                   .dbline -1
 003D 10                push X
 003E 4F                mov X,SP
 003F                   .dbline 28
 003F           ; }
 003F           ; 
 003F           ; //---------------------------------------
 003F           ; //--- Read ID Reg. (0xE5）
 003F           ; //--- IDレジスタ読み込み
 003F           ; //---------------------------------------
 003F           ; //
 003F           ; static UINT8 ADXL345_GetID(ADXL345 *p)
 003F           ; {
 003F                   .dbline 29
 003F           ;       return((p->madrs).ReadByte(&(p->madrs), 0, &p->ID));
 003F 62D000            mov REG[0xd0],>__r0
 0042 52FC              mov A,[X-4]
 0044 010C              add A,12
 0046 5300              mov [__r1],A
 0048 52FB              mov A,[X-5]
 004A 0900              adc A,0
 004C 10                push X
 004D 08                push A
 004E 5100              mov A,[__r1]
 0050 08                push A
 0051 5000              mov A,0
 0053 08                push A
 0054 08                push A
 0055 52FB              mov A,[X-5]
 0057 08                push A
 0058 52FC              mov A,[X-4]
 005A 08                push A
 005B 52FC              mov A,[X-4]
 005D 010A              add A,10
 005F 5300              mov [__r1],A
 0061 52FB              mov A,[X-5]
 0063 0900              adc A,0
 0065 60D4              mov REG[0xd4],A
 0067 3E00              mvi A,[__r1]
 0069 5300              mov [__r0],A
 006B 3E00              mvi A,[__r1]
 006D 5C                mov X,A
 006E 5100              mov A,[__r0]
 0070 7C0000            xcall __plcall
 0073 38FA              add SP,-6
 0075 62D000            mov REG[0xd0],>__r0
 0078 20                pop X
 0079                   .dbline -2
 0079           L2:
 0079 20                pop X
 007A                   .dbline 0 ; func end
 007A 7F                ret
 007B                   .dbsym l p -5 pS[ADXL345_STRUC]
 007B                   .dbend
 007B                   .dbfunc s ADXL345_GetVal _ADXL345_GetVal fV
 007B           ;            buf -> X+0
 007B           ;              p -> X-5
 007B           _ADXL345_GetVal:
 007B                   .dbline -1
 007B 10                push X
 007C 4F                mov X,SP
 007D 3802              add SP,2
 007F                   .dbline 37
 007F           ; }
 007F           ; 
 007F           ; //---------------------------------------
 007F           ; //--- Read Accelero Data Reg.
 007F           ; //--- 加速度データレジスタ読み込み
 007F           ; //---------------------------------------
 007F           ; static void ADXL345_GetVal(ADXL345 *p)
 007F           ; {
 007F                   .dbline 39
 007F           ;       UINT8 buf[2];
 007F           ;       (p->madrs).ReadBytes(&(p->madrs), 0x32, buf,2);
 007F 10                push X
 0080 5002              mov A,2
 0082 08                push A
 0083 62D000            mov REG[0xd0],>__r0
 0086 5007              mov A,7
 0088 08                push A
 0089 10                push X
 008A 5000              mov A,0
 008C 08                push A
 008D 5032              mov A,50
 008F 08                push A
 0090 52FB              mov A,[X-5]
 0092 08                push A
 0093 52FC              mov A,[X-4]
 0095 08                push A
 0096 52FC              mov A,[X-4]
 0098 0108              add A,8
 009A 5300              mov [__r1],A
 009C 52FB              mov A,[X-5]
 009E 0900              adc A,0
 00A0 60D4              mov REG[0xd4],A
 00A2 3E00              mvi A,[__r1]
 00A4 5300              mov [__r0],A
 00A6 3E00              mvi A,[__r1]
 00A8 5C                mov X,A
 00A9 5100              mov A,[__r0]
 00AB 7C0000            xcall __plcall
 00AE 38F9              add SP,-7
 00B0 62D000            mov REG[0xd0],>__r0
 00B3 20                pop X
 00B4                   .dbline 40
 00B4           ;       p->xdat = ((buf[1] & 0x3) << 8) | buf[0];
 00B4 5201              mov A,[X+1]
 00B6 2103              and A,3
 00B8 5300              mov [__r0],A
 00BA 5200              mov A,[X+0]
 00BC 5300              mov [__r1],A
 00BE 52FC              mov A,[X-4]
 00C0 010D              add A,13
 00C2 5300              mov [__r3],A
 00C4 52FB              mov A,[X-5]
 00C6 0900              adc A,0
 00C8 60D5              mov REG[0xd5],A
 00CA 5100              mov A,[__r0]
 00CC 3F00              mvi [__r3],A
 00CE 5100              mov A,[__r1]
 00D0 3F00              mvi [__r3],A
 00D2                   .dbline 41
 00D2           ;       (p->madrs).ReadBytes(&(p->madrs), 0x34,buf,2);
 00D2 10                push X
 00D3 5002              mov A,2
 00D5 08                push A
 00D6 5007              mov A,7
 00D8 08                push A
 00D9 10                push X
 00DA 5000              mov A,0
 00DC 08                push A
 00DD 5034              mov A,52
 00DF 08                push A
 00E0 52FB              mov A,[X-5]
 00E2 08                push A
 00E3 52FC              mov A,[X-4]
 00E5 08                push A
 00E6 52FC              mov A,[X-4]
 00E8 0108              add A,8
 00EA 5300              mov [__r1],A
 00EC 52FB              mov A,[X-5]
 00EE 0900              adc A,0
 00F0 60D4              mov REG[0xd4],A
 00F2 3E00              mvi A,[__r1]
 00F4 5300              mov [__r0],A
 00F6 3E00              mvi A,[__r1]
 00F8 5C                mov X,A
 00F9 5100              mov A,[__r0]
 00FB 7C0000            xcall __plcall
 00FE 38F9              add SP,-7
 0100 62D000            mov REG[0xd0],>__r0
 0103 20                pop X
 0104                   .dbline 42
 0104           ;       p->ydat = ((buf[1] & 0x3) << 8) | buf[0];
 0104 5201              mov A,[X+1]
 0106 2103              and A,3
 0108 5300              mov [__r0],A
 010A 5200              mov A,[X+0]
 010C 5300              mov [__r1],A
 010E 52FC              mov A,[X-4]
 0110 010F              add A,15
 0112 5300              mov [__r3],A
 0114 52FB              mov A,[X-5]
 0116 0900              adc A,0
 0118 60D5              mov REG[0xd5],A
 011A 5100              mov A,[__r0]
 011C 3F00              mvi [__r3],A
 011E 5100              mov A,[__r1]
 0120 3F00              mvi [__r3],A
 0122                   .dbline 43
 0122           ;       (p->madrs).ReadBytes(&(p->madrs), 0x36,buf,2);
 0122 10                push X
 0123 5002              mov A,2
 0125 08                push A
 0126 5007              mov A,7
 0128 08                push A
 0129 10                push X
 012A 5000              mov A,0
 012C 08                push A
 012D 5036              mov A,54
 012F 08                push A
 0130 52FB              mov A,[X-5]
 0132 08                push A
 0133 52FC              mov A,[X-4]
 0135 08                push A
 0136 52FC              mov A,[X-4]
 0138 0108              add A,8
 013A 5300              mov [__r1],A
 013C 52FB              mov A,[X-5]
 013E 0900              adc A,0
 0140 60D4              mov REG[0xd4],A
 0142 3E00              mvi A,[__r1]
 0144 5300              mov [__r0],A
 0146 3E00              mvi A,[__r1]
 0148 5C                mov X,A
 0149 5100              mov A,[__r0]
 014B 7C0000            xcall __plcall
 014E 38F9              add SP,-7
 0150 62D000            mov REG[0xd0],>__r0
 0153 20                pop X
 0154                   .dbline 44
 0154           ;       p->zdat = ((buf[1] & 0x3) << 8) | buf[0];
 0154 5201              mov A,[X+1]
 0156 2103              and A,3
 0158 5300              mov [__r0],A
 015A 5200              mov A,[X+0]
 015C 5300              mov [__r1],A
 015E 52FC              mov A,[X-4]
 0160 0111              add A,17
 0162 5300              mov [__r3],A
 0164 52FB              mov A,[X-5]
 0166 0900              adc A,0
 0168 60D5              mov REG[0xd5],A
 016A 5100              mov A,[__r0]
 016C 3F00              mvi [__r3],A
 016E 5100              mov A,[__r1]
 0170 3F00              mvi [__r3],A
 0172                   .dbline -2
 0172           L3:
 0172 38FE              add SP,-2
 0174 20                pop X
 0175                   .dbline 0 ; func end
 0175 7F                ret
 0176                   .dbsym l buf 0 A[2:2]c
 0176                   .dbsym l p -5 pS[ADXL345_STRUC]
 0176                   .dbend
 0176                   .dbfunc e ADXL345_Setup _ADXL345_Setup fV
 0176           ;         option -> X-9
 0176           ;        devadrs -> X-8
 0176           ;          bswch -> X-7
 0176           ;        bswadrs -> X-6
 0176           ;              p -> X-5
 0176           _ADXL345_Setup::
 0176                   .dbline -1
 0176 10                push X
 0177 4F                mov X,SP
 0178                   .dbline 53
 0178           ; }
 0178           ; 
 0178           ; void ADXL345_Setup(
 0178           ;               ADXL345 *p,
 0178           ;               UINT8 bswadrs,
 0178           ;               UINT8 bswch,
 0178           ;               UINT8 devadrs,
 0178           ;               UINT8 option)
 0178           ; {
 0178                   .dbline 55
 0178           ; 
 0178           ;       p->xdat = 0;
 0178 62D000            mov REG[0xd0],>__r0
 017B 52FC              mov A,[X-4]
 017D 010D              add A,13
 017F 5300              mov [__r1],A
 0181 52FB              mov A,[X-5]
 0183 0900              adc A,0
 0185 60D5              mov REG[0xd5],A
 0187 5000              mov A,0
 0189 3F00              mvi [__r1],A
 018B 3F00              mvi [__r1],A
 018D                   .dbline 56
 018D           ;       p->ydat = 0;
 018D 52FC              mov A,[X-4]
 018F 010F              add A,15
 0191 5300              mov [__r1],A
 0193 52FB              mov A,[X-5]
 0195 0900              adc A,0
 0197 60D5              mov REG[0xd5],A
 0199 5000              mov A,0
 019B 3F00              mvi [__r1],A
 019D 3F00              mvi [__r1],A
 019F                   .dbline 57
 019F           ;       p->zdat = 0;
 019F 52FC              mov A,[X-4]
 01A1 0111              add A,17
 01A3 5300              mov [__r1],A
 01A5 52FB              mov A,[X-5]
 01A7 0900              adc A,0
 01A9 60D5              mov REG[0xd5],A
 01AB 5000              mov A,0
 01AD 3F00              mvi [__r1],A
 01AF 3F00              mvi [__r1],A
 01B1                   .dbline 58
 01B1           ;       p->Start  = &ADXL345_Start;
 01B1 52FC              mov A,[X-4]
 01B3 0113              add A,19
 01B5 5300              mov [__r1],A
 01B7 52FB              mov A,[X-5]
 01B9 0900              adc A,0
 01BB 60D5              mov REG[0xd5],A
 01BD 5004              mov A,>PL_ADXL345_Start
 01BF 3F00              mvi [__r1],A
 01C1 5004              mov A,<PL_ADXL345_Start
 01C3 3F00              mvi [__r1],A
 01C5                   .dbline 59
 01C5           ;       p->GetID  = &ADXL345_GetID;
 01C5 52FC              mov A,[X-4]
 01C7 0115              add A,21
 01C9 5300              mov [__r1],A
 01CB 52FB              mov A,[X-5]
 01CD 0900              adc A,0
 01CF 60D5              mov REG[0xd5],A
 01D1 5002              mov A,>PL_ADXL345_GetID
 01D3 3F00              mvi [__r1],A
 01D5 5002              mov A,<PL_ADXL345_GetID
 01D7 3F00              mvi [__r1],A
 01D9                   .dbline 60
 01D9           ;       p->GetVal = &ADXL345_GetVal;
 01D9 52FC              mov A,[X-4]
 01DB 0117              add A,23
 01DD 5300              mov [__r1],A
 01DF 52FB              mov A,[X-5]
 01E1 0900              adc A,0
 01E3 60D5              mov REG[0xd5],A
 01E5 5000              mov A,>PL_ADXL345_GetVal
 01E7 3F00              mvi [__r1],A
 01E9 5000              mov A,<PL_ADXL345_GetVal
 01EB 3F00              mvi [__r1],A
 01ED                   .dbline 62
 01ED           ; 
 01ED           ;       MI2C_Setup(&(p->madrs), bswadrs, bswch, devadrs, option);
 01ED 52F7              mov A,[X-9]
 01EF 08                push A
 01F0 52F8              mov A,[X-8]
 01F2 08                push A
 01F3 52F9              mov A,[X-7]
 01F5 08                push A
 01F6 52FA              mov A,[X-6]
 01F8 08                push A
 01F9 52FB              mov A,[X-5]
 01FB 08                push A
 01FC 52FC              mov A,[X-4]
 01FE 08                push A
 01FF 7C0000            xcall _MI2C_Setup
 0202 38FA              add SP,-6
 0204                   .dbline -2
 0204           L7:
 0204 20                pop X
 0205                   .dbline 0 ; func end
 0205 7F                ret
 0206                   .dbsym l option -9 c
 0206                   .dbsym l devadrs -8 c
 0206                   .dbsym l bswch -7 c
 0206                   .dbsym l bswadrs -6 c
 0206                   .dbsym l p -5 pS[ADXL345_STRUC]
 0206                   .dbend
                        .area func_lit(rom, con, rel, proclab)
 0000 007B      PL_ADXL345_GetVal:      .word _ADXL345_GetVal
 0002 003D      PL_ADXL345_GetID:       .word _ADXL345_GetID
 0004 0000      PL_ADXL345_Start:       .word _ADXL345_Start
