 0000                   cpu LMM
                        .module main.c
                        .area text(rom, con, rel)
 0000                   .dbfile ./main.c
 0000                   .dbfile Z:\TMP\Modulio\Proj\V7\PSoC1\MODU~290\MODU~290\main.c
 0000                   .dbfunc e pr2dec _pr2dec fV
 0000           ;            dat -> X-6
 0000           ;              s -> X-5
 0000           _pr2dec::
 0000                   .dbline -1
 0000 10                push X
 0001 4F                mov X,SP
 0002                   .dbline 17
 0002           ; //----------------------------------------
 0002           ; //--- LPS25H Test Program
 0002           ; //----------------------------------------
 0002           ; //
 0002           ; #include <stdio.h>
 0002           ; #define       EXTERN
 0002           ; #include "Modulio.h"
 0002           ; #include "ACM1602.h"
 0002           ; #include "LPS25H.h"
 0002           ; #undef EXTERN
 0002           ; 
 0002           ; ACM1602       lcd;
 0002           ; LPS25H        psense;
 0002           ; char  s[16];
 0002           ; 
 0002           ; void pr2dec(char *s, UINT8 dat)
 0002           ; {
 0002                   .dbline 18
 0002           ;       *s++ = (dat/10) + '0';
 0002 62D000            mov REG[0xd0],>__r0
 0005 52FC              mov A,[X-4]
 0007 5300              mov [__r1],A
 0009 52FB              mov A,[X-5]
 000B 5300              mov [__r0],A
 000D 5100              mov A,[__r1]
 000F 0101              add A,1
 0011 54FC              mov [X-4],A
 0013 5100              mov A,[__r0]
 0015 0900              adc A,0
 0017 54FB              mov [X-5],A
 0019 500A              mov A,10
 001B 08                push A
 001C 52FA              mov A,[X-6]
 001E 08                push A
 001F 7C0000            xcall __divmodu_8X8_8
 0022 18                pop A
 0023 5300              mov [__r2],A
 0025 38FF              add SP,-1
 0027 060030            add [__r2],48
 002A 5100              mov A,[__r0]
 002C 60D5              mov REG[0xd5],A
 002E 5100              mov A,[__r2]
 0030 3F00              mvi [__r1],A
 0032                   .dbline 19
 0032           ;       *s++ = (dat%10) + '0';
 0032 52FC              mov A,[X-4]
 0034 5300              mov [__r1],A
 0036 52FB              mov A,[X-5]
 0038 5300              mov [__r0],A
 003A 5100              mov A,[__r1]
 003C 0101              add A,1
 003E 54FC              mov [X-4],A
 0040 5100              mov A,[__r0]
 0042 0900              adc A,0
 0044 54FB              mov [X-5],A
 0046 500A              mov A,10
 0048 08                push A
 0049 52FA              mov A,[X-6]
 004B 08                push A
 004C 7C0000            xcall __divmodu_8X8_8
 004F 38FF              add SP,-1
 0051 18                pop A
 0052 5300              mov [__r2],A
 0054 060030            add [__r2],48
 0057 5100              mov A,[__r0]
 0059 60D5              mov REG[0xd5],A
 005B 5100              mov A,[__r2]
 005D 3F00              mvi [__r1],A
 005F                   .dbline 20
 005F           ;       *s = 0x00;
 005F 52FC              mov A,[X-4]
 0061 5300              mov [__r1],A
 0063 52FB              mov A,[X-5]
 0065 60D5              mov REG[0xd5],A
 0067 5000              mov A,0
 0069 3F00              mvi [__r1],A
 006B                   .dbline -2
 006B           L1:
 006B 20                pop X
 006C                   .dbline 0 ; func end
 006C 7F                ret
 006D                   .dbsym l dat -6 c
 006D                   .dbsym l s -5 pc
 006D                   .dbend
 006D                   .dbfunc e pr4dec _pr4dec fV
 006D           ;            dat -> X-7
 006D           ;              s -> X-5
 006D           _pr4dec::
 006D                   .dbline -1
 006D 10                push X
 006E 4F                mov X,SP
 006F                   .dbline 24
 006F           ; }
 006F           ; 
 006F           ; void pr4dec(char *s, UINT16 dat)
 006F           ; {
 006F                   .dbline 25
 006F           ;       pr2dec(s, dat/100);
 006F 62D000            mov REG[0xd0],>__r0
 0072 5000              mov A,0
 0074 08                push A
 0075 5064              mov A,100
 0077 08                push A
 0078 52F9              mov A,[X-7]
 007A 08                push A
 007B 52FA              mov A,[X-6]
 007D 08                push A
 007E 7C0000            xcall __divmodu_16X16_16
 0081 18                pop A
 0082 5300              mov [__r1],A
 0084 18                pop A
 0085 38FE              add SP,-2
 0087 5100              mov A,[__r1]
 0089 08                push A
 008A 52FB              mov A,[X-5]
 008C 08                push A
 008D 52FC              mov A,[X-4]
 008F 08                push A
 0090 9F6E              xcall _pr2dec
 0092 38FD              add SP,-3
 0094                   .dbline 26
 0094           ;       pr2dec(s+2, dat%100);
 0094 62D000            mov REG[0xd0],>__r0
 0097 5000              mov A,0
 0099 08                push A
 009A 5064              mov A,100
 009C 08                push A
 009D 52F9              mov A,[X-7]
 009F 08                push A
 00A0 52FA              mov A,[X-6]
 00A2 08                push A
 00A3 7C0000            xcall __divmodu_16X16_16
 00A6 38FE              add SP,-2
 00A8 18                pop A
 00A9 5300              mov [__r1],A
 00AB 18                pop A
 00AC 5100              mov A,[__r1]
 00AE 08                push A
 00AF 52FC              mov A,[X-4]
 00B1 0102              add A,2
 00B3 5300              mov [__r1],A
 00B5 52FB              mov A,[X-5]
 00B7 0900              adc A,0
 00B9 08                push A
 00BA 5100              mov A,[__r1]
 00BC 08                push A
 00BD 9F41              xcall _pr2dec
 00BF 38FD              add SP,-3
 00C1                   .dbline 27
 00C1           ;       *(s+4) = 0x00;
 00C1 62D000            mov REG[0xd0],>__r0
 00C4 52FC              mov A,[X-4]
 00C6 0104              add A,4
 00C8 5300              mov [__r1],A
 00CA 52FB              mov A,[X-5]
 00CC 0900              adc A,0
 00CE 60D5              mov REG[0xd5],A
 00D0 5000              mov A,0
 00D2 3F00              mvi [__r1],A
 00D4                   .dbline -2
 00D4           L2:
 00D4 20                pop X
 00D5                   .dbline 0 ; func end
 00D5 7F                ret
 00D6                   .dbsym l dat -7 s
 00D6                   .dbsym l s -5 pc
 00D6                   .dbend
 00D6                   .dbfunc e main _main fI
 00D6           _main::
 00D6                   .dbline -1
 00D6                   .dbline 31
 00D6           ; }
 00D6           ; 
 00D6           ; int main(void)
 00D6           ; {
 00D6                   .dbline 32
 00D6           ;       MI2C_Start();
 00D6 7C0000            xcall _MI2C_Start
 00D9                   .dbline 33
 00D9           ;       ACM1602_Setup(&lcd, BSW_ADRS_DEFAULT, 0, ACM1602_ADRS0, 0);
 00D9 5000              mov A,0
 00DB 08                push A
 00DC 5050              mov A,80
 00DE 08                push A
 00DF 5000              mov A,0
 00E1 08                push A
 00E2 5074              mov A,116
 00E4 08                push A
 00E5 5000              mov A,>_lcd
 00E7 08                push A
 00E8 5000              mov A,<_lcd
 00EA 08                push A
 00EB 7C0000            xcall _ACM1602_Setup
 00EE                   .dbline 34
 00EE           ;       LPS25H_Setup(&psense, BSW_ADRS_DEFAULT, 1, LPS25H_ADRS0, 0);
 00EE 5000              mov A,0
 00F0 08                push A
 00F1 505C              mov A,92
 00F3 08                push A
 00F4 5001              mov A,1
 00F6 08                push A
 00F7 5074              mov A,116
 00F9 08                push A
 00FA 5000              mov A,>_psense
 00FC 08                push A
 00FD 5000              mov A,<_psense
 00FF 08                push A
 0100 7C0000            xcall _LPS25H_Setup
 0103 38F4              add SP,-12
 0105                   .dbline 35
 0105           ;       lcd.Start(&lcd);
 0105 10                push X
 0106 5000              mov A,>_lcd
 0108 08                push A
 0109 5000              mov A,<_lcd
 010B 08                push A
 010C 62D000            mov REG[0xd0],>_lcd
 010F 5110              mov A,[_lcd+15+1]
 0111 08                push A
 0112 510F              mov A,[_lcd+15]
 0114 62D000            mov REG[0xd0],>__r0
 0117 5300              mov [__r0],A
 0119 18                pop A
 011A 5C                mov X,A
 011B 5100              mov A,[__r0]
 011D 7C0000            xcall __plcall
 0120 38FE              add SP,-2
 0122                   .dbline 36
 0122           ;       lcd.Position(&lcd, 0, 0);
 0122 5000              mov A,0
 0124 08                push A
 0125 08                push A
 0126 5000              mov A,>_lcd
 0128 08                push A
 0129 5000              mov A,<_lcd
 012B 08                push A
 012C 62D000            mov REG[0xd0],>_lcd
 012F 5112              mov A,[_lcd+17+1]
 0131 08                push A
 0132 5111              mov A,[_lcd+17]
 0134 62D000            mov REG[0xd0],>__r0
 0137 5300              mov [__r0],A
 0139 18                pop A
 013A 5C                mov X,A
 013B 5100              mov A,[__r0]
 013D 7C0000            xcall __plcall
 0140 38FC              add SP,-4
 0142                   .dbline 37
 0142           ;       psense.Start(&psense);
 0142 5000              mov A,>_psense
 0144 08                push A
 0145 5000              mov A,<_psense
 0147 08                push A
 0148 62D000            mov REG[0xd0],>_psense
 014B 5115              mov A,[_psense+20+1]
 014D 08                push A
 014E 5114              mov A,[_psense+20]
 0150 62D000            mov REG[0xd0],>__r0
 0153 5300              mov [__r0],A
 0155 18                pop A
 0156 5C                mov X,A
 0157 5100              mov A,[__r0]
 0159 7C0000            xcall __plcall
 015C 38FE              add SP,-2
 015E 62D000            mov REG[0xd0],>__r0
 0161 20                pop X
 0162 8236              xjmp L8
 0164           L7:
 0164                   .dbline 38
 0164           ;       while(1) {
 0164                   .dbline 39
 0164           ;               psense.ReadPress(&psense);
 0164 10                push X
 0165 5000              mov A,>_psense
 0167 08                push A
 0168 5000              mov A,<_psense
 016A 08                push A
 016B 62D000            mov REG[0xd0],>_psense
 016E 5117              mov A,[_psense+22+1]
 0170 08                push A
 0171 5116              mov A,[_psense+22]
 0173 62D000            mov REG[0xd0],>__r0
 0176 5300              mov [__r0],A
 0178 18                pop A
 0179 5C                mov X,A
 017A 5100              mov A,[__r0]
 017C 7C0000            xcall __plcall
 017F 38FE              add SP,-2
 0181                   .dbline 40
 0181           ;               psense.wConvPress(&psense);
 0181 5000              mov A,>_psense
 0183 08                push A
 0184 5000              mov A,<_psense
 0186 08                push A
 0187 62D000            mov REG[0xd0],>_psense
 018A 5119              mov A,[_psense+24+1]
 018C 08                push A
 018D 5118              mov A,[_psense+24]
 018F 62D000            mov REG[0xd0],>__r0
 0192 5300              mov [__r0],A
 0194 18                pop A
 0195 5C                mov X,A
 0196 5100              mov A,[__r0]
 0198 7C0000            xcall __plcall
 019B 38FE              add SP,-2
 019D                   .dbline 41
 019D           ;               lcd.Position(&lcd, 0, 0);
 019D 5000              mov A,0
 019F 08                push A
 01A0 08                push A
 01A1 5000              mov A,>_lcd
 01A3 08                push A
 01A4 5000              mov A,<_lcd
 01A6 08                push A
 01A7 62D000            mov REG[0xd0],>_lcd
 01AA 5112              mov A,[_lcd+17+1]
 01AC 08                push A
 01AD 5111              mov A,[_lcd+17]
 01AF 62D000            mov REG[0xd0],>__r0
 01B2 5300              mov [__r0],A
 01B4 18                pop A
 01B5 5C                mov X,A
 01B6 5100              mov A,[__r0]
 01B8 7C0000            xcall __plcall
 01BB 38FC              add SP,-4
 01BD 20                pop X
 01BE                   .dbline 44
 01BE           ; //            sprintf(s," %04d.%02dhPa", (psense.PRESS[0] << 8)|(psense.PRESS[1]), psense.PRESS[2]);
 01BE           ; //            lcd.PrString(&lcd, s);
 01BE           ;               pr4dec(s, (psense.PRESS[0] << 8)|(psense.PRESS[1]));
 01BE 62D000            mov REG[0xd0],>_psense
 01C1 510F              mov A,[_psense+14+1]
 01C3 62D000            mov REG[0xd0],>__r0
 01C6 5300              mov [__r1],A
 01C8 62D000            mov REG[0xd0],>_psense
 01CB 510E              mov A,[_psense+14]
 01CD 62D000            mov REG[0xd0],>__r0
 01D0 08                push A
 01D1 5100              mov A,[__r1]
 01D3 08                push A
 01D4 5000              mov A,>_s
 01D6 08                push A
 01D7 5000              mov A,<_s
 01D9 08                push A
 01DA 9E91              xcall _pr4dec
 01DC 38FC              add SP,-4
 01DE                   .dbline 45
 01DE           ;               lcd.PrString(&lcd, s);
 01DE 10                push X
 01DF 5000              mov A,>_s
 01E1 08                push A
 01E2 5000              mov A,<_s
 01E4 08                push A
 01E5 5000              mov A,>_lcd
 01E7 08                push A
 01E8 5000              mov A,<_lcd
 01EA 08                push A
 01EB 62D000            mov REG[0xd0],>_lcd
 01EE 511C              mov A,[_lcd+27+1]
 01F0 08                push A
 01F1 511B              mov A,[_lcd+27]
 01F3 62D000            mov REG[0xd0],>__r0
 01F6 5300              mov [__r0],A
 01F8 18                pop A
 01F9 5C                mov X,A
 01FA 5100              mov A,[__r0]
 01FC 7C0000            xcall __plcall
 01FF 38FC              add SP,-4
 0201                   .dbline 46
 0201           ;               lcd.WriteData(&lcd, '.');
 0201 502E              mov A,46
 0203 08                push A
 0204 5000              mov A,>_lcd
 0206 08                push A
 0207 5000              mov A,<_lcd
 0209 08                push A
 020A 62D000            mov REG[0xd0],>_lcd
 020D 5116              mov A,[_lcd+21+1]
 020F 08                push A
 0210 5115              mov A,[_lcd+21]
 0212 62D000            mov REG[0xd0],>__r0
 0215 5300              mov [__r0],A
 0217 18                pop A
 0218 5C                mov X,A
 0219 5100              mov A,[__r0]
 021B 7C0000            xcall __plcall
 021E 38FD              add SP,-3
 0220 20                pop X
 0221                   .dbline 47
 0221           ;               pr2dec(s, psense.PRESS[2]);
 0221 62D000            mov REG[0xd0],>_psense
 0224 5110              mov A,[_psense+14+2]
 0226 08                push A
 0227 5000              mov A,>_s
 0229 08                push A
 022A 5000              mov A,<_s
 022C 08                push A
 022D 9DD1              xcall _pr2dec
 022F 38FD              add SP,-3
 0231                   .dbline 48
 0231           ;               lcd.PrString(&lcd, s);
 0231 10                push X
 0232 5000              mov A,>_s
 0234 08                push A
 0235 5000              mov A,<_s
 0237 08                push A
 0238 5000              mov A,>_lcd
 023A 08                push A
 023B 5000              mov A,<_lcd
 023D 08                push A
 023E 62D000            mov REG[0xd0],>_lcd
 0241 511C              mov A,[_lcd+27+1]
 0243 08                push A
 0244 511B              mov A,[_lcd+27]
 0246 62D000            mov REG[0xd0],>__r0
 0249 5300              mov [__r0],A
 024B 18                pop A
 024C 5C                mov X,A
 024D 5100              mov A,[__r0]
 024F 7C0000            xcall __plcall
 0252 38FC              add SP,-4
 0254                   .dbline 49
 0254           ;               lcd.PrCString(&lcd, "hPa");
 0254 5000              mov A,>L22
 0256 08                push A
 0257 5000              mov A,<L22
 0259 08                push A
 025A 5000              mov A,>_lcd
 025C 08                push A
 025D 5000              mov A,<_lcd
 025F 08                push A
 0260 62D000            mov REG[0xd0],>_lcd
 0263 511E              mov A,[_lcd+29+1]
 0265 08                push A
 0266 511D              mov A,[_lcd+29]
 0268 62D000            mov REG[0xd0],>__r0
 026B 5300              mov [__r0],A
 026D 18                pop A
 026E 5C                mov X,A
 026F 5100              mov A,[__r0]
 0271 7C0000            xcall __plcall
 0274 38FC              add SP,-4
 0276                   .dbline 51
 0276           ; 
 0276           ;               psense.ReadTemp(&psense);
 0276 5000              mov A,>_psense
 0278 08                push A
 0279 5000              mov A,<_psense
 027B 08                push A
 027C 62D000            mov REG[0xd0],>_psense
 027F 511B              mov A,[_psense+26+1]
 0281 08                push A
 0282 511A              mov A,[_psense+26]
 0284 62D000            mov REG[0xd0],>__r0
 0287 5300              mov [__r0],A
 0289 18                pop A
 028A 5C                mov X,A
 028B 5100              mov A,[__r0]
 028D 7C0000            xcall __plcall
 0290 38FE              add SP,-2
 0292                   .dbline 52
 0292           ;               psense.wConvTemp(&psense);
 0292 5000              mov A,>_psense
 0294 08                push A
 0295 5000              mov A,<_psense
 0297 08                push A
 0298 62D000            mov REG[0xd0],>_psense
 029B 511D              mov A,[_psense+28+1]
 029D 08                push A
 029E 511C              mov A,[_psense+28]
 02A0 62D000            mov REG[0xd0],>__r0
 02A3 5300              mov [__r0],A
 02A5 18                pop A
 02A6 5C                mov X,A
 02A7 5100              mov A,[__r0]
 02A9 7C0000            xcall __plcall
 02AC 38FE              add SP,-2
 02AE                   .dbline 53
 02AE           ;               lcd.Position(&lcd, 1, 0);
 02AE 5000              mov A,0
 02B0 08                push A
 02B1 5001              mov A,1
 02B3 08                push A
 02B4 5000              mov A,>_lcd
 02B6 08                push A
 02B7 5000              mov A,<_lcd
 02B9 08                push A
 02BA 62D000            mov REG[0xd0],>_lcd
 02BD 5112              mov A,[_lcd+17+1]
 02BF 08                push A
 02C0 5111              mov A,[_lcd+17]
 02C2 62D000            mov REG[0xd0],>__r0
 02C5 5300              mov [__r0],A
 02C7 18                pop A
 02C8 5C                mov X,A
 02C9 5100              mov A,[__r0]
 02CB 7C0000            xcall __plcall
 02CE 38FC              add SP,-4
 02D0 20                pop X
 02D1                   .dbline 56
 02D1           ; //            sprintf(s," %02d.%02d%cC", psense.TEMP[0], psense.TEMP[1], 0xdf);
 02D1           ; //            lcd.PrString(&lcd, s);
 02D1           ;               pr2dec(s, psense.TEMP[0]);
 02D1 62D000            mov REG[0xd0],>_psense
 02D4 5111              mov A,[_psense+17]
 02D6 08                push A
 02D7 5000              mov A,>_s
 02D9 08                push A
 02DA 5000              mov A,<_s
 02DC 08                push A
 02DD 9D21              xcall _pr2dec
 02DF 38FD              add SP,-3
 02E1                   .dbline 57
 02E1           ;               lcd.PrString(&lcd, s);
 02E1 10                push X
 02E2 5000              mov A,>_s
 02E4 08                push A
 02E5 5000              mov A,<_s
 02E7 08                push A
 02E8 5000              mov A,>_lcd
 02EA 08                push A
 02EB 5000              mov A,<_lcd
 02ED 08                push A
 02EE 62D000            mov REG[0xd0],>_lcd
 02F1 511C              mov A,[_lcd+27+1]
 02F3 08                push A
 02F4 511B              mov A,[_lcd+27]
 02F6 62D000            mov REG[0xd0],>__r0
 02F9 5300              mov [__r0],A
 02FB 18                pop A
 02FC 5C                mov X,A
 02FD 5100              mov A,[__r0]
 02FF 7C0000            xcall __plcall
 0302 38FC              add SP,-4
 0304                   .dbline 58
 0304           ;               lcd.WriteData(&lcd, '.');
 0304 502E              mov A,46
 0306 08                push A
 0307 5000              mov A,>_lcd
 0309 08                push A
 030A 5000              mov A,<_lcd
 030C 08                push A
 030D 62D000            mov REG[0xd0],>_lcd
 0310 5116              mov A,[_lcd+21+1]
 0312 08                push A
 0313 5115              mov A,[_lcd+21]
 0315 62D000            mov REG[0xd0],>__r0
 0318 5300              mov [__r0],A
 031A 18                pop A
 031B 5C                mov X,A
 031C 5100              mov A,[__r0]
 031E 7C0000            xcall __plcall
 0321 38FD              add SP,-3
 0323 20                pop X
 0324                   .dbline 59
 0324           ;               pr2dec(s, psense.TEMP[1]);
 0324 62D000            mov REG[0xd0],>_psense
 0327 5112              mov A,[_psense+17+1]
 0329 08                push A
 032A 5000              mov A,>_s
 032C 08                push A
 032D 5000              mov A,<_s
 032F 08                push A
 0330 9CCE              xcall _pr2dec
 0332 38FD              add SP,-3
 0334                   .dbline 60
 0334           ;               lcd.PrString(&lcd, s);
 0334 10                push X
 0335 5000              mov A,>_s
 0337 08                push A
 0338 5000              mov A,<_s
 033A 08                push A
 033B 5000              mov A,>_lcd
 033D 08                push A
 033E 5000              mov A,<_lcd
 0340 08                push A
 0341 62D000            mov REG[0xd0],>_lcd
 0344 511C              mov A,[_lcd+27+1]
 0346 08                push A
 0347 511B              mov A,[_lcd+27]
 0349 62D000            mov REG[0xd0],>__r0
 034C 5300              mov [__r0],A
 034E 18                pop A
 034F 5C                mov X,A
 0350 5100              mov A,[__r0]
 0352 7C0000            xcall __plcall
 0355 38FC              add SP,-4
 0357                   .dbline 61
 0357           ;               lcd.WriteData(&lcd, 0xdf);
 0357 50DF              mov A,-33
 0359 08                push A
 035A 5000              mov A,>_lcd
 035C 08                push A
 035D 5000              mov A,<_lcd
 035F 08                push A
 0360 62D000            mov REG[0xd0],>_lcd
 0363 5116              mov A,[_lcd+21+1]
 0365 08                push A
 0366 5115              mov A,[_lcd+21]
 0368 62D000            mov REG[0xd0],>__r0
 036B 5300              mov [__r0],A
 036D 18                pop A
 036E 5C                mov X,A
 036F 5100              mov A,[__r0]
 0371 7C0000            xcall __plcall
 0374 38FD              add SP,-3
 0376                   .dbline 62
 0376           ;               lcd.WriteData(&lcd, 'C');
 0376 5043              mov A,67
 0378 08                push A
 0379 5000              mov A,>_lcd
 037B 08                push A
 037C 5000              mov A,<_lcd
 037E 08                push A
 037F 62D000            mov REG[0xd0],>_lcd
 0382 5116              mov A,[_lcd+21+1]
 0384 08                push A
 0385 5115              mov A,[_lcd+21]
 0387 62D000            mov REG[0xd0],>__r0
 038A 5300              mov [__r0],A
 038C 18                pop A
 038D 5C                mov X,A
 038E 5100              mov A,[__r0]
 0390 7C0000            xcall __plcall
 0393 38FD              add SP,-3
 0395 62D000            mov REG[0xd0],>__r0
 0398 20                pop X
 0399                   .dbline 63
 0399           ;       }
 0399           L8:
 0399                   .dbline 38
 0399 8DCA              xjmp L7
 039B           X0:
 039B                   .dbline -2
 039B           L3:
 039B                   .dbline 0 ; func end
 039B 8FFF              jmp .
 039D                   .dbend
                        .area data(ram, con, rel)
 0000                   .dbfile Z:\TMP\Modulio\Proj\V7\PSoC1\MODU~290\MODU~290\main.c
 0000           _s::
 0000 00000000000000000000      .word 0,0,0,0,0
 000A 000000000000      .byte 0,0,0,0,0,0
 0010                   .dbsym e s _s A[16:16]c
                        .area data(ram, con, rel)
 0000                   .dbfile Z:\TMP\Modulio\Proj\V7\PSoC1\MODU~290\MODU~290\main.c
 0000           _psense::
 0000 00000000000000000000      .word 0,0,0,0,0
 000A 00000000000000000000      .word 0,0,0,0,0
 0014 00000000000000000000      .word 0,0,0,0,0
 001E 0000              .byte 0,0
 0020                   .dbstruct 0 12 MI2CADRS_STRUC
 0020                   .dbfield 0 BSW_ADRS c
 0020                   .dbfield 1 BSW_CH c
 0020                   .dbfield 2 DEV_ADRS c
 0020                   .dbfield 3 OPTION_1 c
 0020                   .dbfield 4 WriteBytes pfc
 0020                   .dbfield 6 WriteByte pfc
 0020                   .dbfield 8 ReadBytes pfc
 0020                   .dbfield 10 ReadByte pfc
 0020                   .dbend
 0020                   .dbstruct 0 32 LPS25H_STRUC
 0020                   .dbfield 0 madrs S[MI2CADRS_STRUC]
 0020                   .dbfield 12 ID c
 0020                   .dbfield 13 STS c
 0020                   .dbfield 14 PRESS A[3:3]c
 0020                   .dbfield 17 TEMP A[2:2]c
 0020                   .dbfield 19 STATUS c
 0020                   .dbfield 20 Start pfc
 0020                   .dbfield 22 ReadPress pfc
 0020                   .dbfield 24 wConvPress pfV
 0020                   .dbfield 26 ReadTemp pfc
 0020                   .dbfield 28 wConvTemp pfV
 0020                   .dbfield 30 ReadStatus pfc
 0020                   .dbend
 0020                   .dbsym e psense _psense S[LPS25H_STRUC]
                        .area data(ram, con, rel)
 0000                   .dbfile Z:\TMP\Modulio\Proj\V7\PSoC1\MODU~290\MODU~290\main.c
 0000           _lcd::
 0000 00000000000000000000      .word 0,0,0,0,0
 000A 00000000000000000000      .word 0,0,0,0,0
 0014 00000000000000000000      .word 0,0,0,0,0
 001E 00                .byte 0
 001F                   .dbstruct 0 31 ACM1602_STRUC
 001F                   .dbfield 0 madrs S[MI2CADRS_STRUC]
 001F                   .dbfield 12 Xpos c
 001F                   .dbfield 13 Ypos c
 001F                   .dbfield 14 DDRAM_Adrs c
 001F                   .dbfield 15 Start pfc
 001F                   .dbfield 17 Position pfV
 001F                   .dbfield 19 Clear pfc
 001F                   .dbfield 21 WriteData pfc
 001F                   .dbfield 23 PrHexByte pfc
 001F                   .dbfield 25 PrHexInt pfc
 001F                   .dbfield 27 PrString pfc
 001F                   .dbfield 29 PrCString pfc
 001F                   .dbend
 001F                   .dbsym e lcd _lcd S[ACM1602_STRUC]
                        .area lit(rom, con, rel, lit)
 0000           L22:
 0000 68506100          .byte 'h,'P,'a,0
